[18:17:01] [Client thread/INFO] [JMLogger] JourneyMap log initialized.
[18:17:01] [Client thread/INFO] [JourneymapClient] initialize ENTER
[18:17:01] [Client thread/WARN] [PropertiesBase] core (Initialized) Bad configField entry during updateFrom(): optionsManagerViewed=null
[18:17:01] [Client thread/WARN] [PropertiesBase] core (Initialized) Bad configField entry during updateFrom(): splashViewed=null
[18:17:01] [Client thread/INFO] [?] Version: JourneyMap 1.12.2-5.7.1, built with Forge 14.23.5.2768
Forge: 14.23.5.2847
Environment: os.name, os.arch, java.version, user.country, user.language=null, game language=en_us, locale=en_us
Features: 
	RadarPlayers : singleplayer = true , multiplayer = true
	RadarAnimals : singleplayer = true , multiplayer = true
	RadarMobs : singleplayer = true , multiplayer = true
	RadarVillagers : singleplayer = true , multiplayer = true
	MapTopo : singleplayer = true , multiplayer = true
	MapSurface : singleplayer = true , multiplayer = true
	MapCaves : singleplayer = true , multiplayer = true
MiniMapProperties{state=Valid, file=journeymap.minimap.config, configVersion=5.7.1, zoomLevel=0, showPlayers=true, frameAlpha=100, compassFontScale=1, terrainAlpha=100, showEntityNames=true, enabled=true, showPlayerHeading=true, showVillagers=true, info2Label=Game Time, sizePercent=30, showDayNight=true, info3Label=Location, showMobs=true, showPets=true, preferredMapType=day, showCompass=true, mobDisplay=Small Dots, showReticle=true, orientation=North, systemTimeRealFormat=HH:mm:ss, shape=Circle, showSelf=true, info4Label=Biome, locationFormat=xzyv, playerDisplay=Small Dots, showGrid=true, reticleOrientation=Compass, gameTimeRealFormat=HH:mm:ss, showWaypoints=true, showCaves=true, showAnimals=true, showMobHeading=true, showWaypointLabels=true, locationFormatVerbose=true, position=Top Right, info1Label=Blank, fontScale=1}
MiniMapProperties{state=Valid, file=journeymap.minimap2.config, configVersion=5.7.1, zoomLevel=0, showPlayers=true, frameAlpha=100, compassFontScale=1, terrainAlpha=100, showEntityNames=true, enabled=true, showPlayerHeading=true, showVillagers=true, info2Label=Game Time, sizePercent=30, showDayNight=true, info3Label=Location, showMobs=true, showPets=true, preferredMapType=day, showCompass=true, mobDisplay=Small Dots, showReticle=true, orientation=North, systemTimeRealFormat=HH:mm:ss, shape=Rectangle, showSelf=true, info4Label=Biome, locationFormat=xzyv, playerDisplay=Small Dots, showGrid=true, reticleOrientation=Compass, gameTimeRealFormat=HH:mm:ss, showWaypoints=true, showCaves=true, showAnimals=true, showMobHeading=true, showWaypointLabels=true, locationFormatVerbose=true, position=Top Right, info1Label=Blank, fontScale=1}
FullMapProperties{state=Valid, file=journeymap.fullmap.config, configVersion=5.7.1, mobDisplay=Small Dots, zoomLevel=0, showPlayers=true, showSelf=true, locationFormat=xzyv, playerDisplay=Small Dots, showGrid=true, showEntityNames=true, showPlayerHeading=true, showVillagers=true, showWaypoints=true, showCaves=true, showAnimals=true, showMobHeading=true, showKeys=true, showWaypointLabels=true, locationFormatVerbose=true, showMobs=true, showPets=true, fontScale=1, preferredMapType=day}
WaypointProperties{state=Valid, file=journeymap.waypoint.config, configVersion=5.7.1, autoRemoveDeathpointDistance=2, createDeathpoints=true, showName=true, dateFormat=MM-dd-yyyy, autoRemoveDeathpoints=false, maxDistance=0, autoHideLabel=true, teleportCommand=/tp {name} {x} {y} {z}, showStaticBeam=true, minDistance=4, timeFormat=HH:mm:ss, boldLabel=false, textureSmall=true, showDeathpointlabel=true, showDistance=true, showRotatingBeam=true, fontScale=2, showTexture=true, managerEnabled=true, beaconEnabled=true}
WebMapProperties{state=Valid, file=journeymap.webmap.config, configVersion=5.7.1, zoomLevel=0, showWaypoints=true, showCaves=true, showSelf=true, port=8080, showGrid=true, showEntityNames=true, enabled=false, preferredMapType=day}
CoreProperties{state=Valid, file=journeymap.core.config, configVersion=5.7.1, verboseColorPalette=false, maxPlayersData=32, mapSurfaceAboveCaves=true, optionsManagerViewed=null, announceMod=true, colorPassive=#bbbbbb, renderOverlayEventTypeName=ALL, mapBlendWater=false, renderDistanceSurfaceMax=7, radarVerticalDistance=16, mapBlendGrass=true, recordCacheStats=false, hideSneakingEntities=true, revealShape=Circle, alwaysMapSurface=false, colorVillager=#88e188, mapPlants=false, colorPet=#0077ff, radarLateralDistance=64, mapBathymetry=false, mapCrops=true, maxMobsData=32, mapPlantShadows=false, alwaysMapCaves=false, checkUpdates=true, browserPoll=2000, mapBlendFoliage=true, mappingEnabled=true, colorPlayer=#ffffff, tileHighDisplayQuality=true, cacheVillagersData=2200, logLevel=INFO, maxVillagersData=32, maxAnimalsData=32, mapTransparency=true, tileRenderType=1, caveIgnoreGlass=true, mapTopography=true, renderDistanceCaveMax=3, mapAntialiasing=true, colorSelf=#0000ff, cachePlayersData=2000, cacheMobsData=3000, cachePlayerData=1000, splashViewed=null, colorHostile=#ff0000, cacheAnimalsData=3100, themeName=OceanMonument, mapCaveLighting=true, renderDelay=2, renderOverlayPreEvent=true, autoMapPoll=2000}
[18:17:01] [Client thread/INFO] [ClientAPI] [ClientAPI] built with JourneyMap API 1.4
[18:17:01] [Client thread/INFO] [PluginHelper] Initializing plugins with Client API: journeymap.client.api.impl.ClientAPI
[18:17:01] [Client thread/INFO] [PluginHelper] Initialized IClientPlugin: com.teamacronymcoders.base.modules.journeymap.JourneyMapPlugin
[18:17:01] [Client thread/INFO] [JourneymapClient] initialize EXIT, elapsed count 0 avg ?ms
[18:17:03] [Client thread/DEBUG] [JourneymapClient] postInitialize ENTER
[18:17:03] [Client thread/DEBUG] [EventHandlerManager] Handler registered: journeymap.client.forge.event.KeyEventHandler
[18:17:03] [Client thread/DEBUG] [EventHandlerManager] Handler registered: journeymap.client.forge.event.ChatEventHandler
[18:17:03] [Client thread/DEBUG] [EventHandlerManager] Handler registered: journeymap.client.forge.event.StateTickHandler
[18:17:03] [Client thread/DEBUG] [EventHandlerManager] Handler registered: journeymap.client.forge.event.WorldEventHandler
[18:17:03] [Client thread/DEBUG] [EventHandlerManager] Handler registered: journeymap.client.forge.event.WaypointBeaconHandler
[18:17:03] [Client thread/DEBUG] [EventHandlerManager] Handler registered: journeymap.client.forge.event.TextureAtlasHandler
[18:17:03] [Client thread/DEBUG] [EventHandlerManager] Handler registered: journeymap.client.forge.event.MiniMapOverlayHandler
[18:17:03] [Client thread/DEBUG] [EventHandlerManager] Handler registered: journeymap.client.forge.event.PlayerConnectHandler
[18:17:03] [Client thread/DEBUG] [EventHandlerManager] Handler registered: journeymap.client.world.ChunkMonitor
[18:17:03] [Client thread/INFO] [IconSetFileHandler] Added entity icons from journeymap:icon/entity. Success: false
[18:17:03] [Client thread/TRACE] [ThemeLoader] Initializing themes ...
[18:17:03] [Client thread/INFO] [ThemeLoader] Preloaded theme textures: 73
[18:17:03] [Client thread/DEBUG] [JourneymapClient] postInitialize EXIT, elapsed§8 count §r1§8 avg §r677.56§8ms§r
[18:17:31] [Client thread/WARN] [PropertiesBase] core (Initialized) Bad configField entry during updateFrom(): optionsManagerViewed=null
[18:17:31] [Client thread/WARN] [PropertiesBase] core (Initialized) Bad configField entry during updateFrom(): splashViewed=null
[18:17:31] [Client thread/INFO] [WaypointStore] Loaded 0 waypoints from .\journeymap\data\sp\New World~\waypoints
[18:17:31] [Client thread/INFO] [JourneymapClient] Mapping started in .\journeymap\data\sp\New World~\DIM0. Memory: 3935MB total, 2015MB free 
[18:17:31] [Client thread/INFO] [ChatLog] JourneyMap: Press [J]
[18:17:32] [Client thread/ERROR] [JMLogger] Can't get entityTexture for Hare?§r (SUPPRESSED)
[18:17:32] [Client thread/ERROR] [JMLogger] java.lang.NoSuchMethodError: net.minecraft.client.renderer.entity.Render.func_110775_a(Lnet/minecraft/entity/Entity;)Lnet/minecraft/util/ResourceLocation;
	at net.minecraft.client.renderer.entity.RenderFacade.getEntityTexture(RenderFacade.java:29)
	at journeymap.client.model.EntityHelper.getIconTextureLocation(EntityHelper.java:278)
	at journeymap.client.model.EntityDTO.update(EntityDTO.java:205)
	at journeymap.client.model.EntityHelper.getEntitiesNearby(EntityHelper.java:75)
	at journeymap.client.model.EntityHelper.getAnimalsNearby(EntityHelper.java:112)
	at journeymap.client.data.AnimalsData.load(AnimalsData.java:36)
	at journeymap.client.data.AnimalsData.load(AnimalsData.java:26)
	at com.google.common.cache.LocalCache$LoadingValueReference.loadFuture(LocalCache.java:3716)
	at com.google.common.cache.LocalCache$Segment.loadSync(LocalCache.java:2424)
	at com.google.common.cache.LocalCache$Segment.lockedGetOrLoad(LocalCache.java:2298)
	at com.google.common.cache.LocalCache$Segment.get(LocalCache.java:2211)
	at com.google.common.cache.LocalCache.get(LocalCache.java:4154)
	at com.google.common.cache.LocalCache.getOrLoad(LocalCache.java:4158)
	at com.google.common.cache.LocalCache$LocalLoadingCache.get(LocalCache.java:5147)
	at journeymap.client.data.DataCache.getAnimals(DataCache.java:243)
	at journeymap.client.model.MapState.generateDrawSteps(MapState.java:425)
	at journeymap.client.ui.minimap.MiniMap.drawMap(MiniMap.java:231)
	at journeymap.client.ui.minimap.MiniMap.drawMap(MiniMap.java:174)
	at journeymap.client.ui.UIManager.drawMiniMap(UIManager.java:328)
	at journeymap.client.forge.event.MiniMapOverlayHandler.onRenderOverlay(MiniMapOverlayHandler.java:103)
	at net.minecraftforge.fml.common.eventhandler.ASMEventHandler_378_MiniMapOverlayHandler_onRenderOverlay_RenderGameOverlayEvent.invoke(.dynamic)
	at net.minecraftforge.fml.common.eventhandler.ASMEventHandler.invoke(ASMEventHandler.java:90)
	at net.minecraftforge.fml.common.eventhandler.EventBus.post(EventBus.java:182)
	at net.minecraftforge.client.GuiIngameForge.pre(GuiIngameForge.java:910)
	at net.minecraftforge.client.GuiIngameForge.renderGameOverlay(GuiIngameForge.java:119)
	at net.minecraft.client.renderer.EntityRenderer.updateCameraAndRender(EntityRenderer.java:1151)
	at net.minecraft.client.Minecraft.runGameLoop(Minecraft.java:1209)
	at net.minecraft.client.Minecraft.run(Minecraft.java:442)
	at net.minecraft.client.main.Main.main(Main.java:118)
	at sun.reflect.NativeMethodAccessorImpl.invoke0(Native Method)
	at sun.reflect.NativeMethodAccessorImpl.invoke(NativeMethodAccessorImpl.java:62)
	at sun.reflect.DelegatingMethodAccessorImpl.invoke(DelegatingMethodAccessorImpl.java:43)
	at java.lang.reflect.Method.invoke(Method.java:498)
	at net.minecraft.launchwrapper.Launch.launch(Launch.java:135)
	at net.minecraft.launchwrapper.Launch.main(Launch.java:28)
	at sun.reflect.NativeMethodAccessorImpl.invoke0(Native Method)
	at sun.reflect.NativeMethodAccessorImpl.invoke(NativeMethodAccessorImpl.java:62)
	at sun.reflect.DelegatingMethodAccessorImpl.invoke(DelegatingMethodAccessorImpl.java:43)
	at java.lang.reflect.Method.invoke(Method.java:498)
	at net.minecraftforge.gradle.GradleStartCommon.launch(GradleStartCommon.java:97)
	at GradleStart.main(GradleStart.java:25)

